Using device: cuda:0
Loaded model from models/20000.pt (step ?)
Loaded 861 test samples from datasets/I-PCFM_data/burgers_test_nIC30_nBC30.h5, shape: torch.Size([861, 101, 101])
Using 30 pre-screened samples from results/random_indices_v6.json

============================================================
Experiment 1: Main Comparison Table
============================================================

Running vanilla...

vanilla:   0%|          | 0/100 [00:00<?, ?it/s]
vanilla:   1%|          | 1/100 [00:00<00:15,  6.58it/s]
vanilla:   4%|▍         | 4/100 [00:00<00:05, 16.41it/s]
vanilla:   7%|▋         | 7/100 [00:00<00:04, 20.13it/s]
vanilla:  10%|█         | 10/100 [00:00<00:04, 22.07it/s]
vanilla:  13%|█▎        | 13/100 [00:00<00:03, 23.17it/s]
vanilla:  16%|█▌        | 16/100 [00:00<00:03, 22.81it/s]
vanilla:  19%|█▉        | 19/100 [00:00<00:03, 23.42it/s]
vanilla:  22%|██▏       | 22/100 [00:01<00:03, 24.08it/s]
vanilla:  25%|██▌       | 25/100 [00:01<00:03, 24.45it/s]
vanilla:  28%|██▊       | 28/100 [00:01<00:02, 24.50it/s]
vanilla:  31%|███       | 31/100 [00:01<00:02, 24.66it/s]
vanilla:  34%|███▍      | 34/100 [00:01<00:02, 23.75it/s]
vanilla:  37%|███▋      | 37/100 [00:01<00:02, 24.48it/s]
vanilla:  40%|████      | 40/100 [00:01<00:02, 25.01it/s]
vanilla:  43%|████▎     | 43/100 [00:01<00:02, 25.32it/s]
vanilla:  46%|████▌     | 46/100 [00:01<00:02, 25.33it/s]
vanilla:  49%|████▉     | 49/100 [00:02<00:02, 25.25it/s]
vanilla:  52%|█████▏    | 52/100 [00:02<00:02, 22.96it/s]
vanilla:  55%|█████▌    | 55/100 [00:02<00:01, 23.63it/s]
vanilla:  58%|█████▊    | 58/100 [00:02<00:01, 23.98it/s]
vanilla:  61%|██████    | 61/100 [00:02<00:01, 24.46it/s]
vanilla:  64%|██████▍   | 64/100 [00:02<00:01, 24.87it/s]
vanilla:  67%|██████▋   | 67/100 [00:02<00:01, 24.87it/s]
vanilla:  70%|███████   | 70/100 [00:02<00:01, 24.13it/s]
vanilla:  73%|███████▎  | 73/100 [00:03<00:01, 24.66it/s]
vanilla:  76%|███████▌  | 76/100 [00:03<00:00, 25.12it/s]
vanilla:  79%|███████▉  | 79/100 [00:03<00:00, 25.00it/s]
vanilla:  82%|████████▏ | 82/100 [00:03<00:00, 25.01it/s]
vanilla:  85%|████████▌ | 85/100 [00:03<00:00, 24.49it/s]
vanilla:  88%|████████▊ | 88/100 [00:03<00:00, 23.50it/s]
vanilla:  91%|█████████ | 91/100 [00:03<00:00, 24.10it/s]
vanilla:  94%|█████████▍| 94/100 [00:03<00:00, 24.56it/s]
vanilla:  97%|█████████▋| 97/100 [00:04<00:00, 24.59it/s]
vanilla: 100%|██████████| 100/100 [00:04<00:00, 24.98it/s]
vanilla: 100%|██████████| 100/100 [00:04<00:00, 23.95it/s]
  vanilla: {'ce_ic': 3.3341548442840576, 'ce_cl': 0.051610227674245834, 'ce_ineq': 0.1900787204504013, 'feasibility_rate': 0.0, 'mmse': 0.016793902963399887, 'smse': 0.0047927675768733025, 'time_per_sample_s': 0.13925399986716608}

Running pcfm_equality...

pcfm_equality:   0%|          | 0/100 [00:00<?, ?it/s]
pcfm_equality:   1%|          | 1/100 [00:00<01:01,  1.61it/s]
pcfm_equality:   2%|▏         | 2/100 [00:01<00:50,  1.94it/s]
pcfm_equality:   3%|▎         | 3/100 [00:01<00:46,  2.06it/s]
pcfm_equality:   4%|▍         | 4/100 [00:01<00:45,  2.10it/s]
pcfm_equality:   5%|▌         | 5/100 [00:02<00:45,  2.08it/s]
pcfm_equality:   6%|▌         | 6/100 [00:02<00:44,  2.12it/s]
pcfm_equality:   7%|▋         | 7/100 [00:03<00:44,  2.09it/s]
pcfm_equality:   8%|▊         | 8/100 [00:03<00:41,  2.23it/s]
pcfm_equality:   9%|▉         | 9/100 [00:04<00:40,  2.27it/s]
pcfm_equality:  10%|█         | 10/100 [00:04<00:42,  2.12it/s]
pcfm_equality:  11%|█         | 11/100 [00:05<00:45,  1.95it/s]
pcfm_equality:  12%|█▏        | 12/100 [00:05<00:46,  1.89it/s]
pcfm_equality:  13%|█▎        | 13/100 [00:06<00:47,  1.84it/s]
pcfm_equality:  14%|█▍        | 14/100 [00:07<00:48,  1.79it/s]
pcfm_equality:  15%|█▌        | 15/100 [00:07<00:47,  1.80it/s]
pcfm_equality:  16%|█▌        | 16/100 [00:08<00:47,  1.77it/s]
pcfm_equality:  17%|█▋        | 17/100 [00:08<00:46,  1.77it/s]
pcfm_equality:  18%|█▊        | 18/100 [00:09<00:46,  1.76it/s]
pcfm_equality:  19%|█▉        | 19/100 [00:09<00:46,  1.76it/s]
pcfm_equality:  20%|██        | 20/100 [00:10<00:45,  1.75it/s]
pcfm_equality:  21%|██        | 21/100 [00:11<00:44,  1.76it/s]
pcfm_equality:  22%|██▏       | 22/100 [00:11<00:45,  1.72it/s]
pcfm_equality:  23%|██▎       | 23/100 [00:12<00:44,  1.73it/s]
pcfm_equality:  24%|██▍       | 24/100 [00:12<00:44,  1.72it/s]
pcfm_equality:  25%|██▌       | 25/100 [00:13<00:43,  1.72it/s]
pcfm_equality:  26%|██▌       | 26/100 [00:14<00:42,  1.73it/s]
pcfm_equality:  27%|██▋       | 27/100 [00:14<00:42,  1.73it/s]
pcfm_equality:  28%|██▊       | 28/100 [00:15<00:41,  1.72it/s]
pcfm_equality:  29%|██▉       | 29/100 [00:15<00:41,  1.72it/s]
pcfm_equality:  30%|███       | 30/100 [00:16<00:40,  1.73it/s]
pcfm_equality:  31%|███       | 31/100 [00:16<00:39,  1.73it/s]
pcfm_equality:  32%|███▏      | 32/100 [00:17<00:39,  1.74it/s]
pcfm_equality:  33%|███▎      | 33/100 [00:18<00:38,  1.73it/s]
pcfm_equality:  34%|███▍      | 34/100 [00:18<00:38,  1.74it/s]
pcfm_equality:  35%|███▌      | 35/100 [00:19<00:38,  1.70it/s]
pcfm_equality:  36%|███▌      | 36/100 [00:19<00:37,  1.70it/s]
pcfm_equality:  37%|███▋      | 37/100 [00:20<00:37,  1.69it/s]
pcfm_equality:  38%|███▊      | 38/100 [00:20<00:35,  1.73it/s]
pcfm_equality:  39%|███▉      | 39/100 [00:21<00:34,  1.75it/s]
pcfm_equality:  40%|████      | 40/100 [00:22<00:34,  1.75it/s]
pcfm_equality:  41%|████      | 41/100 [00:22<00:33,  1.75it/s]
pcfm_equality:  42%|████▏     | 42/100 [00:23<00:33,  1.74it/s]
pcfm_equality:  43%|████▎     | 43/100 [00:23<00:32,  1.74it/s]
pcfm_equality:  44%|████▍     | 44/100 [00:24<00:32,  1.75it/s]
pcfm_equality:  45%|████▌     | 45/100 [00:24<00:31,  1.73it/s]
pcfm_equality:  46%|████▌     | 46/100 [00:25<00:31,  1.74it/s]
pcfm_equality:  47%|████▋     | 47/100 [00:26<00:30,  1.74it/s]
pcfm_equality:  48%|████▊     | 48/100 [00:26<00:29,  1.74it/s]
pcfm_equality:  49%|████▉     | 49/100 [00:27<00:28,  1.78it/s]
pcfm_equality:  50%|█████     | 50/100 [00:27<00:28,  1.77it/s]
pcfm_equality:  51%|█████     | 51/100 [00:28<00:27,  1.77it/s]
pcfm_equality:  52%|█████▏    | 52/100 [00:28<00:27,  1.76it/s]
pcfm_equality:  53%|█████▎    | 53/100 [00:29<00:27,  1.71it/s]
pcfm_equality:  54%|█████▍    | 54/100 [00:30<00:26,  1.71it/s]
pcfm_equality:  55%|█████▌    | 55/100 [00:30<00:26,  1.73it/s]
pcfm_equality:  56%|█████▌    | 56/100 [00:31<00:25,  1.74it/s]
pcfm_equality:  57%|█████▋    | 57/100 [00:31<00:24,  1.74it/s]
pcfm_equality:  58%|█████▊    | 58/100 [00:32<00:24,  1.74it/s]
pcfm_equality:  59%|█████▉    | 59/100 [00:33<00:23,  1.73it/s]
pcfm_equality:  60%|██████    | 60/100 [00:33<00:23,  1.73it/s]
pcfm_equality:  61%|██████    | 61/100 [00:34<00:22,  1.71it/s]
pcfm_equality:  62%|██████▏   | 62/100 [00:34<00:22,  1.72it/s]
pcfm_equality:  63%|██████▎   | 63/100 [00:35<00:21,  1.73it/s]
pcfm_equality:  64%|██████▍   | 64/100 [00:35<00:20,  1.75it/s]
pcfm_equality:  65%|██████▌   | 65/100 [00:36<00:20,  1.72it/s]
pcfm_equality:  66%|██████▌   | 66/100 [00:37<00:19,  1.75it/s]
pcfm_equality:  67%|██████▋   | 67/100 [00:37<00:18,  1.75it/s]
pcfm_equality:  68%|██████▊   | 68/100 [00:38<00:18,  1.76it/s]
pcfm_equality:  69%|██████▉   | 69/100 [00:38<00:17,  1.75it/s]
pcfm_equality:  70%|███████   | 70/100 [00:39<00:17,  1.72it/s]
pcfm_equality:  71%|███████   | 71/100 [00:39<00:16,  1.73it/s]
pcfm_equality:  72%|███████▏  | 72/100 [00:40<00:16,  1.73it/s]
pcfm_equality:  73%|███████▎  | 73/100 [00:41<00:15,  1.71it/s]
pcfm_equality:  74%|███████▍  | 74/100 [00:41<00:15,  1.72it/s]
pcfm_equality:  75%|███████▌  | 75/100 [00:42<00:14,  1.72it/s]
pcfm_equality:  76%|███████▌  | 76/100 [00:42<00:13,  1.73it/s]
pcfm_equality:  77%|███████▋  | 77/100 [00:43<00:12,  1.77it/s]
pcfm_equality:  78%|███████▊  | 78/100 [00:43<00:12,  1.78it/s]
pcfm_equality:  79%|███████▉  | 79/100 [00:44<00:11,  1.77it/s]
pcfm_equality:  80%|████████  | 80/100 [00:45<00:11,  1.76it/s]
pcfm_equality:  81%|████████  | 81/100 [00:45<00:10,  1.76it/s]
pcfm_equality:  82%|████████▏ | 82/100 [00:46<00:10,  1.77it/s]
pcfm_equality:  83%|████████▎ | 83/100 [00:46<00:09,  1.76it/s]
pcfm_equality:  84%|████████▍ | 84/100 [00:47<00:09,  1.76it/s]
pcfm_equality:  85%|████████▌ | 85/100 [00:47<00:08,  1.70it/s]
pcfm_equality:  86%|████████▌ | 86/100 [00:48<00:08,  1.73it/s]
pcfm_equality:  87%|████████▋ | 87/100 [00:49<00:07,  1.73it/s]
pcfm_equality:  88%|████████▊ | 88/100 [00:49<00:06,  1.74it/s]
pcfm_equality:  89%|████████▉ | 89/100 [00:50<00:06,  1.74it/s]
pcfm_equality:  90%|█████████ | 90/100 [00:50<00:05,  1.74it/s]
pcfm_equality:  91%|█████████ | 91/100 [00:51<00:05,  1.74it/s]
pcfm_equality:  92%|█████████▏| 92/100 [00:52<00:04,  1.70it/s]
pcfm_equality:  93%|█████████▎| 93/100 [00:52<00:03,  1.75it/s]
pcfm_equality:  94%|█████████▍| 94/100 [00:53<00:03,  1.75it/s]
pcfm_equality:  95%|█████████▌| 95/100 [00:53<00:02,  1.74it/s]
pcfm_equality:  96%|█████████▌| 96/100 [00:54<00:02,  1.74it/s]
pcfm_equality:  97%|█████████▋| 97/100 [00:54<00:01,  1.74it/s]
pcfm_equality:  98%|█████████▊| 98/100 [00:55<00:01,  1.76it/s]
pcfm_equality:  99%|█████████▉| 99/100 [00:56<00:00,  1.74it/s]
pcfm_equality: 100%|██████████| 100/100 [00:56<00:00,  1.74it/s]
pcfm_equality: 100%|██████████| 100/100 [00:56<00:00,  1.77it/s]
  pcfm_equality: {'ce_ic': 1.0928356459771749e-06, 'ce_cl': 0.002068354981020093, 'ce_ineq': 2.6253817081451416, 'feasibility_rate': 0.0, 'mmse': 0.024262605234980583, 'smse': 0.01023035403341055, 'time_per_sample_s': 1.8861537583327541}

Running ipcfm_a...

ipcfm_a:   0%|          | 0/100 [00:00<?, ?it/s]
ipcfm_a:   1%|          | 1/100 [00:09<15:21,  9.31s/it]
ipcfm_a:   2%|▏         | 2/100 [00:18<15:02,  9.21s/it]
ipcfm_a:   3%|▎         | 3/100 [00:27<14:58,  9.27s/it]
ipcfm_a:   4%|▍         | 4/100 [00:37<15:03,  9.42s/it]
ipcfm_a:   5%|▌         | 5/100 [00:47<15:15,  9.64s/it]
ipcfm_a:   6%|▌         | 6/100 [00:57<15:16,  9.75s/it]
ipcfm_a:   7%|▋         | 7/100 [01:07<15:21,  9.91s/it]
ipcfm_a:   8%|▊         | 8/100 [01:17<15:15,  9.96s/it]
ipcfm_a:   9%|▉         | 9/100 [01:27<15:13, 10.04s/it]
ipcfm_a:  10%|█         | 10/100 [01:38<15:06, 10.07s/it]
ipcfm_a:  11%|█         | 11/100 [01:48<15:02, 10.14s/it]
ipcfm_a:  12%|█▏        | 12/100 [01:58<14:56, 10.19s/it]
ipcfm_a:  13%|█▎        | 13/100 [02:08<14:46, 10.19s/it]
ipcfm_a:  14%|█▍        | 14/100 [02:19<14:35, 10.18s/it]
ipcfm_a:  15%|█▌        | 15/100 [02:29<14:27, 10.21s/it]
ipcfm_a:  16%|█▌        | 16/100 [02:39<14:14, 10.18s/it]
ipcfm_a:  17%|█▋        | 17/100 [02:49<14:12, 10.28s/it]
ipcfm_a:  18%|█▊        | 18/100 [03:00<14:09, 10.36s/it]
ipcfm_a:  19%|█▉        | 19/100 [03:10<13:58, 10.35s/it]
ipcfm_a:  20%|██        | 20/100 [03:21<13:48, 10.36s/it]
ipcfm_a:  21%|██        | 21/100 [03:31<13:35, 10.32s/it]
ipcfm_a:  22%|██▏       | 22/100 [03:41<13:29, 10.37s/it]
ipcfm_a:  23%|██▎       | 23/100 [03:52<13:16, 10.35s/it]
ipcfm_a:  24%|██▍       | 24/100 [04:02<13:07, 10.36s/it]
ipcfm_a:  25%|██▌       | 25/100 [04:12<12:55, 10.34s/it]
ipcfm_a:  26%|██▌       | 26/100 [04:23<12:49, 10.39s/it]
ipcfm_a:  27%|██▋       | 27/100 [04:33<12:34, 10.34s/it]
ipcfm_a:  28%|██▊       | 28/100 [04:43<12:24, 10.34s/it]
ipcfm_a:  29%|██▉       | 29/100 [04:54<12:13, 10.33s/it]
ipcfm_a:  30%|███       | 30/100 [05:04<12:02, 10.32s/it]
ipcfm_a:  31%|███       | 31/100 [05:15<11:57, 10.39s/it]
ipcfm_a:  32%|███▏      | 32/100 [05:25<11:47, 10.40s/it]
ipcfm_a:  33%|███▎      | 33/100 [05:35<11:33, 10.35s/it]
ipcfm_a:  34%|███▍      | 34/100 [05:46<11:23, 10.35s/it]
ipcfm_a:  35%|███▌      | 35/100 [05:56<11:14, 10.38s/it]
ipcfm_a:  36%|███▌      | 36/100 [06:06<11:01, 10.34s/it]
ipcfm_a:  37%|███▋      | 37/100 [06:17<10:52, 10.35s/it]
ipcfm_a:  38%|███▊      | 38/100 [06:27<10:43, 10.39s/it]
ipcfm_a:  39%|███▉      | 39/100 [06:38<10:35, 10.41s/it]
ipcfm_a:  40%|████      | 40/100 [06:48<10:20, 10.34s/it]
ipcfm_a:  41%|████      | 41/100 [06:58<10:09, 10.33s/it]
ipcfm_a:  42%|████▏     | 42/100 [07:09<10:01, 10.37s/it]
ipcfm_a:  43%|████▎     | 43/100 [07:19<09:49, 10.35s/it]
ipcfm_a:  44%|████▍     | 44/100 [07:29<09:38, 10.33s/it]
ipcfm_a:  45%|████▌     | 45/100 [07:39<09:26, 10.30s/it]
ipcfm_a:  46%|████▌     | 46/100 [07:50<09:13, 10.25s/it]
ipcfm_a:  47%|████▋     | 47/100 [08:00<09:06, 10.31s/it]
ipcfm_a:  48%|████▊     | 48/100 [08:10<08:56, 10.31s/it]
ipcfm_a:  49%|████▉     | 49/100 [08:21<08:48, 10.36s/it]
ipcfm_a:  50%|█████     | 50/100 [08:31<08:36, 10.33s/it]
ipcfm_a:  51%|█████     | 51/100 [08:41<08:26, 10.33s/it]
ipcfm_a:  52%|█████▏    | 52/100 [08:52<08:13, 10.28s/it]
ipcfm_a:  53%|█████▎    | 53/100 [09:02<08:03, 10.29s/it]
ipcfm_a:  54%|█████▍    | 54/100 [09:12<07:58, 10.40s/it]
ipcfm_a:  55%|█████▌    | 55/100 [09:23<07:46, 10.36s/it]
ipcfm_a:  56%|█████▌    | 56/100 [09:33<07:37, 10.39s/it]
ipcfm_a:  57%|█████▋    | 57/100 [09:44<07:26, 10.39s/it]
ipcfm_a:  58%|█████▊    | 58/100 [09:54<07:17, 10.41s/it]
ipcfm_a:  59%|█████▉    | 59/100 [10:04<07:05, 10.39s/it]
ipcfm_a:  60%|██████    | 60/100 [10:15<06:56, 10.41s/it]
ipcfm_a:  61%|██████    | 61/100 [10:25<06:46, 10.42s/it]
ipcfm_a:  62%|██████▏   | 62/100 [10:36<06:35, 10.40s/it]
ipcfm_a:  63%|██████▎   | 63/100 [10:46<06:25, 10.41s/it]
ipcfm_a:  64%|██████▍   | 64/100 [10:56<06:13, 10.38s/it]
ipcfm_a:  65%|██████▌   | 65/100 [11:07<06:02, 10.36s/it]
ipcfm_a:  66%|██████▌   | 66/100 [11:17<05:52, 10.37s/it]
ipcfm_a:  67%|██████▋   | 67/100 [11:28<05:42, 10.39s/it]
ipcfm_a:  68%|██████▊   | 68/100 [11:38<05:33, 10.42s/it]
ipcfm_a:  69%|██████▉   | 69/100 [11:48<05:21, 10.37s/it]
ipcfm_a:  70%|███████   | 70/100 [11:59<05:11, 10.39s/it]
ipcfm_a:  71%|███████   | 71/100 [12:09<04:59, 10.34s/it]
ipcfm_a:  72%|███████▏  | 72/100 [12:19<04:49, 10.34s/it]
ipcfm_a:  73%|███████▎  | 73/100 [12:30<04:40, 10.38s/it]
ipcfm_a:  74%|███████▍  | 74/100 [12:40<04:29, 10.37s/it]
ipcfm_a:  75%|███████▌  | 75/100 [12:50<04:19, 10.36s/it]
ipcfm_a:  76%|███████▌  | 76/100 [13:01<04:08, 10.34s/it]
ipcfm_a:  77%|███████▋  | 77/100 [13:11<03:58, 10.36s/it]
ipcfm_a:  78%|███████▊  | 78/100 [13:21<03:47, 10.34s/it]
ipcfm_a:  79%|███████▉  | 79/100 [13:32<03:35, 10.27s/it]
ipcfm_a:  80%|████████  | 80/100 [13:42<03:24, 10.25s/it]
ipcfm_a:  81%|████████  | 81/100 [13:52<03:14, 10.22s/it]
ipcfm_a:  82%|████████▏ | 82/100 [14:02<03:03, 10.22s/it]
ipcfm_a:  83%|████████▎ | 83/100 [14:12<02:54, 10.27s/it]
ipcfm_a:  84%|████████▍ | 84/100 [14:23<02:45, 10.33s/it]
ipcfm_a:  85%|████████▌ | 85/100 [14:33<02:34, 10.33s/it]
ipcfm_a:  86%|████████▌ | 86/100 [14:44<02:25, 10.36s/it]
ipcfm_a:  87%|████████▋ | 87/100 [14:54<02:14, 10.35s/it]
ipcfm_a:  88%|████████▊ | 88/100 [15:04<02:04, 10.37s/it]
ipcfm_a:  89%|████████▉ | 89/100 [15:15<01:53, 10.32s/it]
ipcfm_a:  90%|█████████ | 90/100 [15:25<01:43, 10.38s/it]
ipcfm_a:  91%|█████████ | 91/100 [15:36<01:33, 10.38s/it]
ipcfm_a:  92%|█████████▏| 92/100 [15:46<01:22, 10.35s/it]
ipcfm_a:  93%|█████████▎| 93/100 [15:56<01:12, 10.30s/it]
ipcfm_a:  94%|█████████▍| 94/100 [16:06<01:01, 10.32s/it]
ipcfm_a:  95%|█████████▌| 95/100 [16:17<00:51, 10.31s/it]
ipcfm_a:  96%|█████████▌| 96/100 [16:27<00:41, 10.34s/it]
ipcfm_a:  97%|█████████▋| 97/100 [16:38<00:31, 10.40s/it]
ipcfm_a:  98%|█████████▊| 98/100 [16:48<00:20, 10.41s/it]
ipcfm_a:  99%|█████████▉| 99/100 [16:58<00:10, 10.41s/it]
ipcfm_a: 100%|██████████| 100/100 [17:09<00:00, 10.38s/it]
ipcfm_a: 100%|██████████| 100/100 [17:09<00:00, 10.29s/it]
  ipcfm_a: {'ce_ic': 0.00010256763198412955, 'ce_cl': 0.0006700087687931955, 'ce_ineq': 0.13858363032341003, 'feasibility_rate': 0.0, 'mmse': 0.008595841936767101, 'smse': 0.002821221249178052, 'time_per_sample_s': 34.309681677864866}

Running ipcfm_b...

ipcfm_b:   0%|          | 0/100 [00:00<?, ?it/s]
ipcfm_b:   1%|          | 1/100 [00:09<16:18,  9.88s/it]
ipcfm_b:   2%|▏         | 2/100 [00:19<16:17,  9.97s/it]
ipcfm_b:   3%|▎         | 3/100 [00:29<16:02,  9.92s/it]
ipcfm_b:   4%|▍         | 4/100 [00:39<15:47,  9.87s/it]
ipcfm_b:   5%|▌         | 5/100 [00:49<15:35,  9.85s/it]
ipcfm_b:   6%|▌         | 6/100 [00:59<15:22,  9.81s/it]
ipcfm_b:   7%|▋         | 7/100 [01:09<15:16,  9.85s/it]
ipcfm_b:   8%|▊         | 8/100 [01:18<15:06,  9.85s/it]
ipcfm_b:   9%|▉         | 9/100 [01:28<14:55,  9.84s/it]
ipcfm_b:  10%|█         | 10/100 [01:38<14:44,  9.83s/it]
ipcfm_b:  11%|█         | 11/100 [01:48<14:33,  9.82s/it]
ipcfm_b:  12%|█▏        | 12/100 [01:58<14:23,  9.81s/it]
ipcfm_b:  13%|█▎        | 13/100 [02:07<14:11,  9.79s/it]
ipcfm_b:  14%|█▍        | 14/100 [02:17<14:04,  9.82s/it]
ipcfm_b:  15%|█▌        | 15/100 [02:27<13:56,  9.84s/it]
ipcfm_b:  16%|█▌        | 16/100 [02:37<13:45,  9.83s/it]
ipcfm_b:  17%|█▋        | 17/100 [02:47<13:37,  9.85s/it]
ipcfm_b:  18%|█▊        | 18/100 [02:57<13:24,  9.81s/it]
ipcfm_b:  19%|█▉        | 19/100 [03:06<13:16,  9.83s/it]
ipcfm_b:  20%|██        | 20/100 [03:16<13:05,  9.81s/it]
ipcfm_b:  21%|██        | 21/100 [03:26<12:50,  9.75s/it]
ipcfm_b:  22%|██▏       | 22/100 [03:36<12:44,  9.80s/it]
ipcfm_b:  23%|██▎       | 23/100 [03:45<12:33,  9.79s/it]
ipcfm_b:  24%|██▍       | 24/100 [03:55<12:27,  9.84s/it]
ipcfm_b:  25%|██▌       | 25/100 [04:05<12:18,  9.84s/it]
ipcfm_b:  26%|██▌       | 26/100 [04:15<12:07,  9.83s/it]
ipcfm_b:  27%|██▋       | 27/100 [04:25<11:53,  9.78s/it]
ipcfm_b:  28%|██▊       | 28/100 [04:35<11:47,  9.82s/it]
ipcfm_b:  29%|██▉       | 29/100 [04:45<11:39,  9.85s/it]
ipcfm_b:  30%|███       | 30/100 [04:55<11:32,  9.89s/it]
ipcfm_b:  31%|███       | 31/100 [05:04<11:20,  9.86s/it]
ipcfm_b:  32%|███▏      | 32/100 [05:14<11:11,  9.87s/it]
ipcfm_b:  33%|███▎      | 33/100 [05:24<11:02,  9.89s/it]
ipcfm_b:  34%|███▍      | 34/100 [05:34<10:54,  9.92s/it]
ipcfm_b:  35%|███▌      | 35/100 [05:44<10:40,  9.86s/it]
ipcfm_b:  36%|███▌      | 36/100 [05:54<10:31,  9.86s/it]
ipcfm_b:  37%|███▋      | 37/100 [06:04<10:23,  9.90s/it]
ipcfm_b:  38%|███▊      | 38/100 [06:14<10:13,  9.90s/it]
ipcfm_b:  39%|███▉      | 39/100 [06:23<10:01,  9.87s/it]
ipcfm_b:  40%|████      | 40/100 [06:33<09:46,  9.77s/it]
ipcfm_b:  41%|████      | 41/100 [06:42<09:27,  9.63s/it]
ipcfm_b:  42%|████▏     | 42/100 [06:52<09:13,  9.54s/it]
ipcfm_b:  43%|████▎     | 43/100 [07:01<08:59,  9.47s/it]
ipcfm_b:  44%|████▍     | 44/100 [07:10<08:50,  9.48s/it]
ipcfm_b:  45%|████▌     | 45/100 [07:20<08:38,  9.43s/it]
ipcfm_b:  46%|████▌     | 46/100 [07:29<08:29,  9.43s/it]
ipcfm_b:  47%|████▋     | 47/100 [07:39<08:20,  9.44s/it]
ipcfm_b:  48%|████▊     | 48/100 [07:48<08:09,  9.42s/it]
ipcfm_b:  49%|████▉     | 49/100 [07:57<08:00,  9.41s/it]
ipcfm_b:  50%|█████     | 50/100 [08:07<07:49,  9.40s/it]
ipcfm_b:  51%|█████     | 51/100 [08:16<07:39,  9.39s/it]
ipcfm_b:  52%|█████▏    | 52/100 [08:25<07:29,  9.37s/it]
ipcfm_b:  53%|█████▎    | 53/100 [08:35<07:20,  9.38s/it]
ipcfm_b:  54%|█████▍    | 54/100 [08:44<07:11,  9.37s/it]
ipcfm_b:  55%|█████▌    | 55/100 [08:54<07:03,  9.40s/it]
ipcfm_b:  56%|█████▌    | 56/100 [09:03<06:53,  9.41s/it]
ipcfm_b:  57%|█████▋    | 57/100 [09:13<06:45,  9.43s/it]
ipcfm_b:  58%|█████▊    | 58/100 [09:22<06:36,  9.45s/it]
ipcfm_b:  59%|█████▉    | 59/100 [09:32<06:28,  9.48s/it]
ipcfm_b:  60%|██████    | 60/100 [09:41<06:18,  9.47s/it]
ipcfm_b:  61%|██████    | 61/100 [09:51<06:09,  9.48s/it]
ipcfm_b:  62%|██████▏   | 62/100 [10:00<05:58,  9.43s/it]
ipcfm_b:  63%|██████▎   | 63/100 [10:09<05:48,  9.42s/it]
ipcfm_b:  64%|██████▍   | 64/100 [10:19<05:39,  9.44s/it]
ipcfm_b:  65%|██████▌   | 65/100 [10:28<05:30,  9.43s/it]
ipcfm_b:  66%|██████▌   | 66/100 [10:38<05:19,  9.41s/it]
ipcfm_b:  67%|██████▋   | 67/100 [10:47<05:11,  9.43s/it]
ipcfm_b:  68%|██████▊   | 68/100 [10:56<05:00,  9.40s/it]
ipcfm_b:  69%|██████▉   | 69/100 [11:06<04:51,  9.39s/it]
ipcfm_b:  70%|███████   | 70/100 [11:15<04:41,  9.39s/it]
ipcfm_b:  71%|███████   | 71/100 [11:25<04:32,  9.39s/it]
ipcfm_b:  72%|███████▏  | 72/100 [11:34<04:23,  9.40s/it]
ipcfm_b:  73%|███████▎  | 73/100 [11:43<04:14,  9.41s/it]
ipcfm_b:  74%|███████▍  | 74/100 [11:53<04:04,  9.42s/it]
ipcfm_b:  75%|███████▌  | 75/100 [12:03<04:00,  9.61s/it]
ipcfm_b:  76%|███████▌  | 76/100 [12:12<03:50,  9.60s/it]
ipcfm_b:  77%|███████▋  | 77/100 [12:22<03:39,  9.55s/it]
ipcfm_b:  78%|███████▊  | 78/100 [12:31<03:29,  9.51s/it]
ipcfm_b:  79%|███████▉  | 79/100 [12:41<03:18,  9.46s/it]
ipcfm_b:  80%|████████  | 80/100 [12:50<03:08,  9.43s/it]
ipcfm_b:  81%|████████  | 81/100 [12:59<02:59,  9.43s/it]
ipcfm_b:  82%|████████▏ | 82/100 [13:09<02:49,  9.43s/it]
ipcfm_b:  83%|████████▎ | 83/100 [13:18<02:40,  9.42s/it]
ipcfm_b:  84%|████████▍ | 84/100 [13:28<02:30,  9.40s/it]
ipcfm_b:  85%|████████▌ | 85/100 [13:37<02:21,  9.42s/it]
ipcfm_b:  86%|████████▌ | 86/100 [13:46<02:11,  9.41s/it]
ipcfm_b:  87%|████████▋ | 87/100 [13:56<02:02,  9.45s/it]
ipcfm_b:  88%|████████▊ | 88/100 [14:05<01:52,  9.41s/it]
ipcfm_b:  89%|████████▉ | 89/100 [14:15<01:43,  9.40s/it]
ipcfm_b:  90%|█████████ | 90/100 [14:24<01:34,  9.40s/it]
ipcfm_b:  91%|█████████ | 91/100 [14:33<01:24,  9.39s/it]
ipcfm_b:  92%|█████████▏| 92/100 [14:43<01:15,  9.39s/it]
ipcfm_b:  93%|█████████▎| 93/100 [14:52<01:05,  9.40s/it]
ipcfm_b:  94%|█████████▍| 94/100 [15:02<00:56,  9.40s/it]
ipcfm_b:  95%|█████████▌| 95/100 [15:11<00:47,  9.42s/it]
ipcfm_b:  96%|█████████▌| 96/100 [15:21<00:37,  9.43s/it]
ipcfm_b:  97%|█████████▋| 97/100 [15:30<00:28,  9.45s/it]
ipcfm_b:  98%|█████████▊| 98/100 [15:39<00:18,  9.42s/it]
ipcfm_b:  99%|█████████▉| 99/100 [15:49<00:09,  9.43s/it]
ipcfm_b: 100%|██████████| 100/100 [15:58<00:00,  9.41s/it]
ipcfm_b: 100%|██████████| 100/100 [15:58<00:00,  9.59s/it]
  ipcfm_b: {'ce_ic': 0.0022061485797166824, 'ce_cl': 0.0020808905828744173, 'ce_ineq': 0.28700175881385803, 'feasibility_rate': 0.06666667014360428, 'mmse': 0.009538155049085617, 'smse': 0.002569950185716152, 'time_per_sample_s': 31.9585844173717}

Running ipcfm_c...

ipcfm_c:   0%|          | 0/100 [00:00<?, ?it/s]
ipcfm_c:   1%|          | 1/100 [00:04<07:55,  4.81s/it]
ipcfm_c:   2%|▏         | 2/100 [00:09<07:53,  4.83s/it]
ipcfm_c:   3%|▎         | 3/100 [00:14<07:52,  4.87s/it]
ipcfm_c:   4%|▍         | 4/100 [00:19<07:57,  4.97s/it]
ipcfm_c:   5%|▌         | 5/100 [00:24<07:56,  5.02s/it]
ipcfm_c:   6%|▌         | 6/100 [00:29<07:49,  5.00s/it]
ipcfm_c:   7%|▋         | 7/100 [00:34<07:42,  4.98s/it]
ipcfm_c:   8%|▊         | 8/100 [00:39<07:36,  4.96s/it]
ipcfm_c:   9%|▉         | 9/100 [00:44<07:29,  4.94s/it]
ipcfm_c:  10%|█         | 10/100 [00:49<07:22,  4.91s/it]
ipcfm_c:  11%|█         | 11/100 [00:54<07:15,  4.89s/it]
ipcfm_c:  12%|█▏        | 12/100 [00:59<07:10,  4.89s/it]
ipcfm_c:  13%|█▎        | 13/100 [01:03<07:04,  4.88s/it]
ipcfm_c:  14%|█▍        | 14/100 [01:08<06:59,  4.87s/it]
ipcfm_c:  15%|█▌        | 15/100 [01:13<06:53,  4.87s/it]
ipcfm_c:  16%|█▌        | 16/100 [01:18<06:48,  4.87s/it]
ipcfm_c:  17%|█▋        | 17/100 [01:23<06:46,  4.89s/it]
ipcfm_c:  18%|█▊        | 18/100 [01:28<06:40,  4.88s/it]
ipcfm_c:  19%|█▉        | 19/100 [01:33<06:34,  4.87s/it]
ipcfm_c:  20%|██        | 20/100 [01:38<06:28,  4.86s/it]
ipcfm_c:  21%|██        | 21/100 [01:42<06:24,  4.87s/it]
ipcfm_c:  22%|██▏       | 22/100 [01:47<06:18,  4.85s/it]
ipcfm_c:  23%|██▎       | 23/100 [01:52<06:14,  4.86s/it]
ipcfm_c:  24%|██▍       | 24/100 [01:57<06:09,  4.87s/it]
ipcfm_c:  25%|██▌       | 25/100 [02:02<06:05,  4.87s/it]
ipcfm_c:  26%|██▌       | 26/100 [02:07<06:01,  4.89s/it]
ipcfm_c:  27%|██▋       | 27/100 [02:12<05:57,  4.90s/it]
ipcfm_c:  28%|██▊       | 28/100 [02:17<05:50,  4.87s/it]
ipcfm_c:  29%|██▉       | 29/100 [02:21<05:45,  4.87s/it]
ipcfm_c:  30%|███       | 30/100 [02:26<05:39,  4.86s/it]
ipcfm_c:  31%|███       | 31/100 [02:31<05:36,  4.88s/it]
ipcfm_c:  32%|███▏      | 32/100 [02:36<05:33,  4.90s/it]
ipcfm_c:  33%|███▎      | 33/100 [02:41<05:32,  4.96s/it]
ipcfm_c:  34%|███▍      | 34/100 [02:46<05:28,  4.98s/it]
ipcfm_c:  35%|███▌      | 35/100 [02:51<05:24,  4.99s/it]
ipcfm_c:  36%|███▌      | 36/100 [02:56<05:18,  4.98s/it]
ipcfm_c:  37%|███▋      | 37/100 [03:01<05:13,  4.98s/it]
ipcfm_c:  38%|███▊      | 38/100 [03:06<05:08,  4.97s/it]
ipcfm_c:  39%|███▉      | 39/100 [03:11<05:01,  4.94s/it]
ipcfm_c:  40%|████      | 40/100 [03:16<04:55,  4.92s/it]
ipcfm_c:  41%|████      | 41/100 [03:21<04:49,  4.90s/it]
ipcfm_c:  42%|████▏     | 42/100 [03:26<04:43,  4.89s/it]
ipcfm_c:  43%|████▎     | 43/100 [03:31<04:39,  4.91s/it]
ipcfm_c:  44%|████▍     | 44/100 [03:35<04:35,  4.92s/it]
ipcfm_c:  45%|████▌     | 45/100 [03:40<04:31,  4.94s/it]
ipcfm_c:  46%|████▌     | 46/100 [03:45<04:27,  4.96s/it]
ipcfm_c:  47%|████▋     | 47/100 [03:50<04:22,  4.96s/it]
ipcfm_c:  48%|████▊     | 48/100 [03:55<04:15,  4.92s/it]
ipcfm_c:  49%|████▉     | 49/100 [04:00<04:10,  4.91s/it]
ipcfm_c:  50%|█████     | 50/100 [04:05<04:06,  4.92s/it]
ipcfm_c:  51%|█████     | 51/100 [04:10<04:00,  4.92s/it]
ipcfm_c:  52%|█████▏    | 52/100 [04:15<03:56,  4.93s/it]
ipcfm_c:  53%|█████▎    | 53/100 [04:20<03:51,  4.92s/it]
ipcfm_c:  54%|█████▍    | 54/100 [04:25<03:45,  4.90s/it]
ipcfm_c:  55%|█████▌    | 55/100 [04:30<03:40,  4.91s/it]
ipcfm_c:  56%|█████▌    | 56/100 [04:34<03:34,  4.88s/it]
ipcfm_c:  57%|█████▋    | 57/100 [04:39<03:29,  4.87s/it]
ipcfm_c:  58%|█████▊    | 58/100 [04:44<03:25,  4.89s/it]
ipcfm_c:  59%|█████▉    | 59/100 [04:49<03:21,  4.91s/it]
ipcfm_c:  60%|██████    | 60/100 [04:54<03:17,  4.94s/it]
ipcfm_c:  61%|██████    | 61/100 [04:59<03:11,  4.91s/it]
ipcfm_c:  62%|██████▏   | 62/100 [05:04<03:06,  4.90s/it]
ipcfm_c:  63%|██████▎   | 63/100 [05:09<03:00,  4.88s/it]
ipcfm_c:  64%|██████▍   | 64/100 [05:14<02:55,  4.86s/it]
ipcfm_c:  65%|██████▌   | 65/100 [05:18<02:49,  4.86s/it]
ipcfm_c:  66%|██████▌   | 66/100 [05:23<02:45,  4.86s/it]
ipcfm_c:  67%|██████▋   | 67/100 [05:28<02:41,  4.90s/it]
ipcfm_c:  68%|██████▊   | 68/100 [05:33<02:36,  4.89s/it]
ipcfm_c:  69%|██████▉   | 69/100 [05:38<02:31,  4.88s/it]
ipcfm_c:  70%|███████   | 70/100 [05:43<02:26,  4.88s/it]
ipcfm_c:  71%|███████   | 71/100 [05:48<02:21,  4.89s/it]
ipcfm_c:  72%|███████▏  | 72/100 [05:53<02:16,  4.87s/it]
ipcfm_c:  73%|███████▎  | 73/100 [05:57<02:11,  4.86s/it]
ipcfm_c:  74%|███████▍  | 74/100 [06:02<02:07,  4.91s/it]
ipcfm_c:  75%|███████▌  | 75/100 [06:07<02:03,  4.94s/it]
ipcfm_c:  76%|███████▌  | 76/100 [06:12<01:58,  4.92s/it]
ipcfm_c:  77%|███████▋  | 77/100 [06:17<01:52,  4.91s/it]
ipcfm_c:  78%|███████▊  | 78/100 [06:22<01:47,  4.89s/it]
ipcfm_c:  79%|███████▉  | 79/100 [06:27<01:42,  4.88s/it]
ipcfm_c:  80%|████████  | 80/100 [06:32<01:37,  4.87s/it]
ipcfm_c:  81%|████████  | 81/100 [06:37<01:32,  4.88s/it]
ipcfm_c:  82%|████████▏ | 82/100 [06:42<01:28,  4.91s/it]
ipcfm_c:  83%|████████▎ | 83/100 [06:47<01:23,  4.89s/it]
ipcfm_c:  84%|████████▍ | 84/100 [06:51<01:18,  4.89s/it]
ipcfm_c:  85%|████████▌ | 85/100 [06:56<01:13,  4.88s/it]
ipcfm_c:  86%|████████▌ | 86/100 [07:01<01:08,  4.87s/it]
ipcfm_c:  87%|████████▋ | 87/100 [07:06<01:03,  4.86s/it]
ipcfm_c:  88%|████████▊ | 88/100 [07:11<00:58,  4.85s/it]
ipcfm_c:  89%|████████▉ | 89/100 [07:16<00:53,  4.84s/it]
ipcfm_c:  90%|█████████ | 90/100 [07:20<00:48,  4.85s/it]
ipcfmipcfm_c:  97%|█████████▋| 97/100 [07:54<00:14,  4.82s/it]ipcfm_c:  98%|█████████▊| 98/100 [07:59<00:09,  4.86s/it]ipcfm_c:  99%|█████████▉| 99/100 [08:04<00:04,  4.89s/it]ipcfm_c: 100%|██████████| 100/100 [08:09<00:00,  4.92s/it]ipcfm_c: 100%|██████████| 100/100 [08:09<00:00,  4.90s/it]
  ipcfm_c: {'ce_ic': 0.001119065098464489, 'ce_cl': 0.002456880174577236, 'ce_ineq': 0.23903591930866241, 'feasibility_rate': 0.3333333432674408, 'mmse': 0.008040862157940865, 'smse': 0.003192618489265442, 'time_per_sample_s': 16.320974280529967}
Saved: results/exp1_main_table_v6.json

\begin{tabular}{lrrrrrrr}
\hline
Method & CE(IC) & CE(CL) & CE-Ineq & Feasibility & MMSE & SMSE & Time(s/sample) \\
\hline
vanilla & 3.3342 & 0.0516 & 0.1901 & 0.0000 & 0.016794 & 0.004793 & 0.139 \\
pcfm_equality & 0.0000 & 0.0021 & 2.6254 & 0.0000 & 0.024263 & 0.010230 & 1.886 \\
ipcfm_a & 0.0001 & 0.0007 & 0.1386 & 0.0000 & 0.008596 & 0.002821 & 34.310 \\
ipcfm_b & 0.0022 & 0.0021 & 0.2870 & 0.0667 & 0.009538 & 0.002570 & 31.959 \\
ipcfm_c & 0.0011 & 0.0025 & 0.2390 & 0.3333 & 0.008041 & 0.003193 & 16.321 \\
\hline
\end{tabular}

All results saved to: results/
[exit: 0]
