
=== Screening pcfm_equality on 52 samples ===
  Sample   1: OK  (13.2s)
  Sample   2: OK  (12.9s)
  Sample   3: OK  (12.9s)
  Sample   5: OK  (12.9s)
  Sample   6: OK  (13.1s)
  Sample   7: OK  (12.9s)
  Sample   9: OK  (13.1s)
  Sample  10: OK  (13.0s)
  Sample  11: OK  (13.1s)
  Sample  12: OK  (13.0s)
  Sample  14: OK  (13.0s)
  Sample  16: OK  (13.0s)
  Sample  20: OK  (13.0s)
  Sample  21: OK  (12.9s)
  Sample  22: OK  (13.1s)
  Sample  23: OK  (12.9s)
  Sample  25: OK  (13.1s)
  Sample  27: OK  (12.9s)
  Sample  28: OK  (12.9s)
  Sample  30: OK  (12.9s)
  Sample  31: OK  (13.0s)
  Sample  32: OK  (13.0s)
  Sample  33: OK  (12.9s)
  Sample  34: OK  (13.0s)
  Sample  35: OK  (13.0s)
  Sample  37: OK  (13.0s)
  Sample  38: OK  (13.0s)
  Sample  39: OK  (13.1s)
  Sample  40: OK  (13.0s)
  Sample  41: OK  (13.0s)
  Sample  43: OK  (13.0s)
  Sample  44: OK  (12.9s)
  Sample  45: OK  (13.1s)
  Sample  46: OK  (13.0s)
  Sample  47: OK  (13.1s)
  Sample  48: OK  (13.1s)
  Sample  49: OK  (13.0s)
  Sample  50: OK  (13.1s)
  Sample  51: OK  (13.0s)
  Sample  52: OK  (13.0s)
  Sample  53: OK  (12.9s)
  Sample  54: OK  (12.9s)
  Sample  55: OK  (12.9s)
  Sample  57: OK  (12.9s)
  Sample  58: OK  (13.0s)
  Sample  59: OK  (13.1s)
  Sample  60: OK  (13.0s)
  Sample  62: OK  (12.9s)
  Sample  63: OK  (13.0s)
  Sample  64: OK  (13.0s)
  Sample  65: OK  (13.1s)
  Sample  67: OK  (13.0s)

=== Screening ipcfm_a on 52 samples ===
  Sample   1: OK  (41.2s)
  Sample   2: OK  (41.1s)
  Sample   3: OK  (40.6s)
  Sample   5: OK  (41.3s)
  Sample   6: OK  (40.9s)
  Sample   7: OK  (41.6s)
  Sample   9: OK  (41.8s)
  Sample  10: OK  (42.6s)
  Sample  11: OK  (41.4s)
  Sample  12: OK  (41.1s)
  Sample  14: OK  (41.4s)
  Sample  16: OK  (40.9s)
  Sample  20: OK  (40.5s)
  Sample  21: OK  (41.4s)
  Sample  22: OK  (41.2s)
  Sample  23: OK  (41.3s)
  Sample  25: OK  (40.3s)
  Sample  27: OK  (41.7s)
  Sample  28: OK  (41.5s)
  Sample  30: OK  (41.5s)
  Sample  31: OK  (41.1s)
  Sample  32: OK  (41.7s)
  Sample  33: OK  (41.8s)
  Sample  34: OK  (41.2s)
  Sample  35: OK  (41.9s)
  Sample  37: OK  (41.1s)
  Sample  38: OK  (41.1s)
  Sample  39: OK  (41.3s)
  Sample  40: FAIL  (22.3s)
  Sample  41: OK  (42.0s)
  Sample  43: OK  (42.0s)
  Sample  44: OK  (41.7s)
  Sample  45: OK  (42.3s)
  Sample  46: OK  (41.5s)
  Sample  47: OK  (41.5s)
  Sample  48: OK  (41.7s)
  Sample  49: OK  (41.0s)
  Sample  50: OK  (42.2s)
  Sample  51: OK  (42.3s)
  Sample  52: OK  (41.5s)
  Sample  53: OK  (41.1s)
  Sample  54: OK  (41.8s)
  Sample  55: OK  (41.1s)
  Sample  57: OK  (41.0s)
  Sample  58: OK  (40.7s)
  Sample  59: OK  (41.1s)
  Sample  60: OK  (40.7s)
  Sample  62: OK  (40.6s)
  Sample  63: OK  (40.3s)
  Sample  64: OK  (39.9s)
  Sample  65: OK  (40.2s)
  Sample  67: OK  (40.2s)

=== Screening ipcfm_b on 52 samples ===
  Sample   1: OK  (37.9s)
  Sample   2: OK  (37.5s)
  Sample   3: OK  (37.8s)
  Sample   5: OK  (38.2s)
  Sample   6: OK  (37.2s)
  Sample   7: OK  (39.8s)
  Sample   9: OK  (37.9s)
  Sample  10: OK  (37.9s)
  Sample  11: OK  (37.4s)
  Sample  12: OK  (37.1s)
  Sample  14: OK  (37.9s)
  Sample  16: OK  (37.1s)
  Sample  20: OK  (37.7s)
  Sample  21: OK  (38.3s)
  Sample  22: OK  (38.0s)
  Sample  23: OK  (38.0s)
  Sample  25: OK  (38.0s)
  Sample  27: OK  (38.1s)
  Sample  28: OK  (40.1s)
  Sample  30: OK  (39.1s)
  Sample  31: OK  (38.0s)
  Sample  32: OK  (37.9s)
  Sample  33: OK  (39.1s)
  Sample  34: OK  (37.9s)
  Sample  35: OK  (37.7s)
  Sample  37: OK  (37.5s)
  Sample  38: OK  (37.6s)
  Sample  39: OK  (36.6s)
  Sample  40: SKIP (already failed)
  Sample  41: OK  (38.6s)
  Sample  43: OK  (39.0s)
  Sample  44: OK  (37.9s)
  Sample  45: OK  (37.8s)
  Sample  46: OK  (36.6s)
  Sample  47: OK  (37.9s)
  Sample  48: OK  (37.6s)
  Sample  49: OK  (37.6s)
  Sample  50: OK  (38.6s)
  Sample  51: OK  (36.1s)
  Sample  52: OK  (36.5s)
  Sample  53: OK  (37.5s)
  Sample  54: OK  (37.7s)
  Sample  55: OK  (37.9s)
  Sample  57: OK  (36.7s)
  Sample  58: OK  (37.0s)
  Sample  59: OK  (38.2s)
  Sample  60: OK  (37.8s)
  Sample  62: OK  (38.8s)
  Sample  63: OK  (37.6s)
  Sample  64: OK  (38.4s)
  Sample  65: OK  (37.8s)
  Sample  67: OK  (38.2s)

=== Screening ipcfm_c on 52 samples ===
  Sample   1: OK  (22.7s)
  Sample   2: OK  (22.6s)
  Sample   3: OK  (22.6s)
  Sample   5: OK  (23.8s)
  Sample   6: OK  (21.6s)
  Sample   7: OK  (23.5s)
  Sample   9: OK  (23.0s)
  Sample  10: OK  (23.0s)
  Sample  11: OK  (22.6s)
  Sample  12: OK  (21.4s)
  Sample  14: OK  (22.7s)
  Sample  16: OK  (25.1s)
  Sample  20: OK  (21.6s)
  Sample  21: OK  (21.7s)
  Sample  22: OK  (22.6s)
  Sample  23: OK  (22.7s)
  Sample  25: OK  (22.6s)
  Sample  27: OK  (22.2s)
  Sample  28: OK  (23.1s)
  Sample  30: OK  (24.4s)
  Sample  31: OK  (21.5s)
  Sample  32: OK  (23.9s)
  Sample  33: OK  (22.2s)
  Sample  34: OK  (21.4s)
  Sample  35: OK  (21.5s)
  Sample  37: OK  (21.3s)
  Sample  38: OK  (21.5s)
  Sample  39: OK  (21.3s)
  Sample  40: SKIP (already failed)
  Sample  41: OK  (22.3s)
  Sample  43: OK  (23.7s)
  Sample  44: OK  (22.6s)
  Sample  45: OK  (22.7s)
  Sample  46: OK  (22.4s)
  Sample  47: OK  (21.4s)
  Sample  48: OK  (21.7s)
  Sample  49: OK  (22.9s)
  Sample  50: OK  (22.3s)
  Sample  51: OK  (22.6s)
  Sample  52: OK  (21.2s)
  Sample  53: OK  (21.2s)
  Sample  54: OK  (22.5s)
  Sample  55: OK  (21.4s)
  Sample  57: OK  (22.7s)
  Sample  58: OK  (22.3s)
  Sample  59: OK  (22.2s)
  Sample  60: OK  (21.6s)
  Sample  62: OK  (21.4s)
  Sample  63: OK  (21.9s)
  Sample  64: OK  (21.2s)
  Sample  65: OK  (21.8s)
  Sample  67: OK  (21.2s)

=== RESULTS ===
Bad samples (0-indexed): [39]
Bad samples (1-indexed): [40]
Good samples remaining: 51 / 52

Final GOOD_INDICES = [0, 1, 2, 4, 5, 6, 8, 9, 10, 11, 13, 15, 19, 20, 21, 22, 24, 26, 27, 29, 30, 31, 32, 33, 34, 36, 37, 38, 40, 42, 43, 44, 45, 46, 47, 48, 49, 50, 51, 52, 53, 54, 56, 57, 58, 59, 61, 62, 63, 64, 66]
Saved to results/screened_good_indices.json
