Loaded model from /external1/alfred/pcfm_logs/burgers_ic/20000.pt (step ?)
Loaded 67 test samples from datasets/data/burgers_test_nIC30_nBC30.h5, shape: torch.Size([67, 101, 101])
Building hfuncs for 52 pre-screened samples...

=== Running vanilla on 52 samples ===
  Sample   1: OK
  Sample   2: OK
  Sample   3: OK
  Sample   5: OK
  Sample   6: OK
  Sample   7: OK
  Sample   9: OK
  Sample  10: OK
  Sample  11: OK
  Sample  12: OK
  Sample  14: OK
  Sample  16: OK
  Sample  20: OK
  Sample  21: OK
  Sample  22: OK
  Sample  23: OK
  Sample  25: OK
  Sample  27: OK
  Sample  28: OK
  Sample  30: OK
  Sample  31: OK
  Sample  32: OK
  Sample  33: OK
  Sample  34: OK
  Sample  35: OK
  Sample  37: OK
  Sample  38: OK
  Sample  39: OK
  Sample  40: OK
  Sample  41: OK
  Sample  43: OK
  Sample  44: OK
  Sample  45: OK
  Sample  46: OK
  Sample  47: OK
  Sample  48: OK
  Sample  49: OK
  Sample  50: OK
  Sample  51: OK
  Sample  52: OK
  Sample  53: OK
  Sample  54: OK
  Sample  55: OK
  Sample  57: OK
  Sample  58: OK
  Sample  59: OK
  Sample  60: OK
  Sample  62: OK
  Sample  63: OK
  Sample  64: OK
  Sample  65: OK
  Sample  67: OK

=== Running pcfm_equality on 52 samples ===
  Sample   1: OK
  Sample   2: OK
  Sample   3: OK
  Sample   5: OK
  Sample   6: OK
  Sample   7: OK
  Sample   9: OK
  Sample  10: OK
  Sample  11: OK
  Sample  12: OK
  Sample  14: OK
  Sample  16: OK
  Sample  20: OK
  Sample  21: OK
  Sample  22: OK
  Sample  23: OK
  Sample  25: OK
  Sample  27: OK
  Sample  28: OK
  Sample  30: OK
  Sample  31: OK
  Sample  32: OK
  Sample  33: OK
  Sample  34: OK
  Sample  35: OK
  Sample  37: OK
  Sample  38: OK
  Sample  39: OK
  Sample  40: OK
  Sample  41: OK
  Sample  43: OK
  Sample  44: OK
  Sample  45: OK
  Sample  46: OK
  Sample  47: OK
  Sample  48: OK
  Sample  49: OK
  Sample  50: OK
  Sample  51: OK
  Sample  52: OK
  Sample  53: OK
  Sample  54: OK
  Sample  55: OK
  Sample  57: OK
  Sample  58: OK
  Sample  59: OK
  Sample  60: OK
  Sample  62: OK
  Sample  63: OK
  Sample  64: OK
  Sample  65: OK
  Sample  67: OK

=== Running ipcfm_a on 52 samples ===
Terminated
